2025-05-30 21:16:10,670 - INFO - Using device: cpu
2025-05-30 21:16:10,671 - INFO - === Job started: 2025-05-30 21:16:10.671082 ===
2025-05-30 21:16:10,681 - INFO - Classes found: ['Audi', 'Hyundai Creta', 'Mahindra Scorpio', 'Rolls Royce', 'Swift', 'Tata Safari', 'Toyota Innova']
2025-05-30 21:19:32,387 - INFO - Epoch 1: Train Loss=0.5089, Train Acc=83.97%
2025-05-30 21:19:48,553 - INFO - Epoch 1: Val Loss=0.1380, Val Acc=96.43%
2025-05-30 21:19:48,599 - INFO - \u2705 Saved new best model with Val Acc=96.43%
2025-05-30 21:23:19,082 - INFO - Epoch 2: Train Loss=0.0605, Train Acc=98.96%
2025-05-30 21:23:35,242 - INFO - Epoch 2: Val Loss=0.0960, Val Acc=97.04%
2025-05-30 21:23:35,286 - INFO - \u2705 Saved new best model with Val Acc=97.04%
2025-05-30 21:27:11,238 - INFO - Epoch 3: Train Loss=0.0256, Train Acc=99.58%
2025-05-30 21:27:29,450 - INFO - Epoch 3: Val Loss=0.0807, Val Acc=97.66%
2025-05-30 21:27:29,498 - INFO - \u2705 Saved new best model with Val Acc=97.66%
2025-05-30 21:31:13,446 - INFO - Epoch 4: Train Loss=0.0164, Train Acc=99.85%
2025-05-30 21:31:30,431 - INFO - Epoch 4: Val Loss=0.0727, Val Acc=97.66%
2025-05-30 21:35:02,628 - INFO - Epoch 5: Train Loss=0.0120, Train Acc=99.94%
2025-05-30 21:35:18,481 - INFO - Epoch 5: Val Loss=0.0836, Val Acc=97.66%
2025-05-30 21:38:53,360 - INFO - Epoch 6: Train Loss=0.0117, Train Acc=99.73%
2025-05-30 21:39:11,488 - INFO - Epoch 6: Val Loss=0.1010, Val Acc=97.04%
2025-05-30 21:42:56,585 - INFO - Epoch 7: Train Loss=0.0344, Train Acc=98.99%
2025-05-30 21:43:12,965 - INFO - Epoch 7: Val Loss=0.1302, Val Acc=95.44%
2025-05-30 21:47:07,370 - INFO - Epoch 8: Train Loss=0.0283, Train Acc=99.25%
2025-05-30 21:47:23,304 - INFO - Epoch 8: Val Loss=0.0929, Val Acc=97.17%
2025-05-30 21:50:54,501 - INFO - Epoch 9: Train Loss=0.0197, Train Acc=99.55%
2025-05-30 21:51:12,559 - INFO - Epoch 9: Val Loss=0.0863, Val Acc=97.54%
2025-05-30 21:54:55,252 - INFO - Epoch 10: Train Loss=0.0089, Train Acc=99.79%
2025-05-30 21:55:13,023 - INFO - Epoch 10: Val Loss=0.0792, Val Acc=97.66%
2025-05-30 21:55:13,023 - INFO - Training complete.
2025-05-30 21:55:13,024 - INFO - === Job finished: 2025-05-30 21:55:13.024872 ===
